<?xml version="1.0" encoding="UTF-8"?>
<testng-results ignored="0" total="1" passed="1" failed="0" skipped="0">
  <reporter-output>
  </reporter-output>
  <suite started-at="2025-04-22T15:41:37 IST" name="org.test.WebpageTest" finished-at="2025-04-22T15:41:44 IST" duration-ms="6880">
    <groups>
    </groups>
    <test started-at="2025-04-22T15:41:37 IST" name="Command line test" finished-at="2025-04-22T15:41:44 IST" duration-ms="6880">
      <class name="org.test.WebpageTest">
        <test-method is-config="true" signature="openBrowser()[pri:0, instance:org.test.WebpageTest@5b0abc94]" started-at="2025-04-22T15:41:37 IST" name="openBrowser" finished-at="2025-04-22T15:41:43 IST" duration-ms="5636" status="PASS">
          <reporter-output>
          </reporter-output>
        </test-method> <!-- openBrowser -->
        <test-method signature="titleValidationTest()[pri:0, instance:org.test.WebpageTest@5b0abc94]" started-at="2025-04-22T15:41:43 IST" name="titleValidationTest" finished-at="2025-04-22T15:41:43 IST" duration-ms="12" status="PASS">
          <reporter-output>
          </reporter-output>
        </test-method> <!-- titleValidationTest -->
        <test-method is-config="true" signature="closeBrowser()[pri:0, instance:org.test.WebpageTest@5b0abc94]" started-at="2025-04-22T15:41:43 IST" name="closeBrowser" finished-at="2025-04-22T15:41:44 IST" duration-ms="1195" status="PASS">
          <reporter-output>
          </reporter-output>
        </test-method> <!-- closeBrowser -->
      </class> <!-- org.test.WebpageTest -->
    </test> <!-- Command line test -->
  </suite> <!-- org.test.WebpageTest -->
</testng-results>
